mode: set
github.com/Herograme/LuaNova/luanova/lexer.go:17.36,21.2 3 1
github.com/Herograme/LuaNova/luanova/lexer.go:23.28,24.31 1 1
github.com/Herograme/LuaNova/luanova/lexer.go:24.31,26.3 1 1
github.com/Herograme/LuaNova/luanova/lexer.go:26.8,28.3 1 1
github.com/Herograme/LuaNova/luanova/lexer.go:29.2,30.13 2 1
github.com/Herograme/LuaNova/luanova/lexer.go:33.33,34.31 1 1
github.com/Herograme/LuaNova/luanova/lexer.go:34.31,36.3 1 1
github.com/Herograme/LuaNova/luanova/lexer.go:37.2,37.27 1 1
github.com/Herograme/LuaNova/luanova/lexer.go:40.35,45.14 3 1
github.com/Herograme/LuaNova/luanova/lexer.go:46.11,47.26 1 1
github.com/Herograme/LuaNova/luanova/lexer.go:47.26,51.4 3 1
github.com/Herograme/LuaNova/luanova/lexer.go:51.9,53.4 1 1
github.com/Herograme/LuaNova/luanova/lexer.go:54.11,55.23 1 1
github.com/Herograme/LuaNova/luanova/lexer.go:56.12,59.68 3 1
github.com/Herograme/LuaNova/luanova/lexer.go:60.12,63.64 3 1
github.com/Herograme/LuaNova/luanova/lexer.go:64.12,67.14 3 1
github.com/Herograme/LuaNova/luanova/lexer.go:68.12,71.14 3 1
github.com/Herograme/LuaNova/luanova/lexer.go:72.11,73.49 1 1
github.com/Herograme/LuaNova/luanova/lexer.go:75.11,76.26 1 1
github.com/Herograme/LuaNova/luanova/lexer.go:76.26,80.4 3 1
github.com/Herograme/LuaNova/luanova/lexer.go:80.9,82.4 1 1
github.com/Herograme/LuaNova/luanova/lexer.go:83.11,84.26 1 1
github.com/Herograme/LuaNova/luanova/lexer.go:84.26,88.4 3 1
github.com/Herograme/LuaNova/luanova/lexer.go:88.9,90.4 1 1
github.com/Herograme/LuaNova/luanova/lexer.go:91.11,92.26 1 1
github.com/Herograme/LuaNova/luanova/lexer.go:92.26,96.4 3 1
github.com/Herograme/LuaNova/luanova/lexer.go:96.9,98.4 1 1
github.com/Herograme/LuaNova/luanova/lexer.go:99.11,100.47 1 1
github.com/Herograme/LuaNova/luanova/lexer.go:101.11,102.26 1 1
github.com/Herograme/LuaNova/luanova/lexer.go:102.26,104.27 2 1
github.com/Herograme/LuaNova/luanova/lexer.go:104.27,107.5 2 1
github.com/Herograme/LuaNova/luanova/lexer.go:107.10,109.5 1 1
github.com/Herograme/LuaNova/luanova/lexer.go:110.9,112.4 1 1
github.com/Herograme/LuaNova/luanova/lexer.go:113.11,114.26 1 1
github.com/Herograme/LuaNova/luanova/lexer.go:114.26,118.4 3 1
github.com/Herograme/LuaNova/luanova/lexer.go:118.9,120.4 1 1
github.com/Herograme/LuaNova/luanova/lexer.go:122.11,123.26 1 1
github.com/Herograme/LuaNova/luanova/lexer.go:123.26,127.4 3 1
github.com/Herograme/LuaNova/luanova/lexer.go:127.9,129.4 1 1
github.com/Herograme/LuaNova/luanova/lexer.go:130.11,131.26 1 1
github.com/Herograme/LuaNova/luanova/lexer.go:131.26,135.4 3 1
github.com/Herograme/LuaNova/luanova/lexer.go:135.9,137.4 1 1
github.com/Herograme/LuaNova/luanova/lexer.go:138.11,139.26 1 1
github.com/Herograme/LuaNova/luanova/lexer.go:139.26,143.4 3 1
github.com/Herograme/LuaNova/luanova/lexer.go:143.9,145.4 1 1
github.com/Herograme/LuaNova/luanova/lexer.go:146.11,147.51 1 1
github.com/Herograme/LuaNova/luanova/lexer.go:148.11,149.51 1 1
github.com/Herograme/LuaNova/luanova/lexer.go:150.11,151.51 1 1
github.com/Herograme/LuaNova/luanova/lexer.go:152.11,153.51 1 1
github.com/Herograme/LuaNova/luanova/lexer.go:154.11,155.51 1 1
github.com/Herograme/LuaNova/luanova/lexer.go:156.11,157.51 1 1
github.com/Herograme/LuaNova/luanova/lexer.go:158.11,159.50 1 1
github.com/Herograme/LuaNova/luanova/lexer.go:160.11,161.50 1 1
github.com/Herograme/LuaNova/luanova/lexer.go:162.11,163.49 1 1
github.com/Herograme/LuaNova/luanova/lexer.go:164.11,165.58 1 1
github.com/Herograme/LuaNova/luanova/lexer.go:166.11,167.53 1 1
github.com/Herograme/LuaNova/luanova/lexer.go:168.9,170.17 2 1
github.com/Herograme/LuaNova/luanova/lexer.go:171.10,172.21 1 1
github.com/Herograme/LuaNova/luanova/lexer.go:172.21,177.4 4 1
github.com/Herograme/LuaNova/luanova/lexer.go:177.9,177.27 1 1
github.com/Herograme/LuaNova/luanova/lexer.go:177.27,182.4 4 1
github.com/Herograme/LuaNova/luanova/lexer.go:182.9,184.4 1 1
github.com/Herograme/LuaNova/luanova/lexer.go:187.2,188.12 2 1
github.com/Herograme/LuaNova/luanova/lexer.go:191.34,192.66 1 1
github.com/Herograme/LuaNova/luanova/lexer.go:192.66,194.3 1 1
github.com/Herograme/LuaNova/luanova/lexer.go:197.41,199.38 2 1
github.com/Herograme/LuaNova/luanova/lexer.go:199.38,201.3 1 1
github.com/Herograme/LuaNova/luanova/lexer.go:202.2,202.29 1 1
github.com/Herograme/LuaNova/luanova/lexer.go:204.42,206.32 2 1
github.com/Herograme/LuaNova/luanova/lexer.go:206.32,208.3 1 1
github.com/Herograme/LuaNova/luanova/lexer.go:209.2,209.29 1 1
github.com/Herograme/LuaNova/luanova/lexer.go:212.29,214.2 1 1
github.com/Herograme/LuaNova/luanova/lexer.go:216.28,218.2 1 1
github.com/Herograme/LuaNova/luanova/lexer.go:220.36,222.15 2 1
github.com/Herograme/LuaNova/luanova/lexer.go:223.18,224.19 1 1
github.com/Herograme/LuaNova/luanova/lexer.go:225.15,226.16 1 1
github.com/Herograme/LuaNova/luanova/lexer.go:227.12,228.13 1 1
github.com/Herograme/LuaNova/luanova/lexer.go:229.14,230.15 1 1
github.com/Herograme/LuaNova/luanova/lexer.go:231.16,232.17 1 1
github.com/Herograme/LuaNova/luanova/lexer.go:233.13,234.14 1 1
github.com/Herograme/LuaNova/luanova/lexer.go:235.12,236.13 1 1
github.com/Herograme/LuaNova/luanova/lexer.go:237.13,238.14 1 1
github.com/Herograme/LuaNova/luanova/lexer.go:239.15,240.16 1 1
github.com/Herograme/LuaNova/luanova/lexer.go:241.13,242.14 1 1
github.com/Herograme/LuaNova/luanova/lexer.go:243.16,244.17 1 1
github.com/Herograme/LuaNova/luanova/lexer.go:245.15,246.16 1 1
github.com/Herograme/LuaNova/luanova/lexer.go:247.18,248.19 1 1
github.com/Herograme/LuaNova/luanova/lexer.go:249.14,250.15 1 1
github.com/Herograme/LuaNova/luanova/lexer.go:251.15,252.16 1 1
github.com/Herograme/LuaNova/luanova/lexer.go:253.12,254.13 1 1
github.com/Herograme/LuaNova/luanova/lexer.go:255.12,256.13 1 1
github.com/Herograme/LuaNova/luanova/lexer.go:257.14,258.15 1 1
github.com/Herograme/LuaNova/luanova/lexer.go:259.13,260.14 1 1
github.com/Herograme/LuaNova/luanova/lexer.go:262.10,263.18 1 1
github.com/Herograme/LuaNova/luanova/lexer.go:266.2,266.14 1 1
github.com/Herograme/LuaNova/luanova/lexer.go:269.37,272.31 3 1
github.com/Herograme/LuaNova/luanova/lexer.go:272.31,274.3 1 1
github.com/Herograme/LuaNova/luanova/lexer.go:275.2,275.29 1 1
github.com/Herograme/LuaNova/luanova/lexer.go:278.43,280.15 2 1
github.com/Herograme/LuaNova/luanova/lexer.go:280.15,282.3 1 1
github.com/Herograme/LuaNova/luanova/lexer.go:282.8,284.3 1 1
github.com/Herograme/LuaNova/luanova/lexer.go:286.2,288.6 2 1
github.com/Herograme/LuaNova/luanova/lexer.go:288.6,289.41 1 1
github.com/Herograme/LuaNova/luanova/lexer.go:289.41,292.9 3 1
github.com/Herograme/LuaNova/luanova/lexer.go:294.3,294.16 1 1
github.com/Herograme/LuaNova/luanova/lexer.go:294.16,295.9 1 1
github.com/Herograme/LuaNova/luanova/lexer.go:297.3,297.15 1 1
github.com/Herograme/LuaNova/luanova/lexer.go:300.2,300.29 1 1
github.com/Herograme/LuaNova/luanova/lexer.go:303.37,305.20 2 1
github.com/Herograme/LuaNova/luanova/lexer.go:305.20,307.3 1 1
github.com/Herograme/LuaNova/luanova/lexer.go:308.2,308.29 1 1
github.com/Herograme/LuaNova/luanova/token_string.go:5.32,6.13 1 1
github.com/Herograme/LuaNova/luanova/token_string.go:7.15,8.19 1 1
github.com/Herograme/LuaNova/luanova/token_string.go:9.11,10.15 1 1
github.com/Herograme/LuaNova/luanova/token_string.go:11.15,12.19 1 1
github.com/Herograme/LuaNova/luanova/token_string.go:13.20,14.24 1 1
github.com/Herograme/LuaNova/luanova/token_string.go:15.12,16.16 1 1
github.com/Herograme/LuaNova/luanova/token_string.go:17.13,18.17 1 1
github.com/Herograme/LuaNova/luanova/token_string.go:19.15,20.19 1 1
github.com/Herograme/LuaNova/luanova/token_string.go:21.16,22.20 1 1
github.com/Herograme/LuaNova/luanova/token_string.go:23.13,24.17 1 1
github.com/Herograme/LuaNova/luanova/token_string.go:25.10,26.14 1 1
github.com/Herograme/LuaNova/luanova/token_string.go:27.14,28.18 1 1
github.com/Herograme/LuaNova/luanova/token_string.go:29.12,30.16 1 1
github.com/Herograme/LuaNova/luanova/token_string.go:31.13,32.17 1 1
github.com/Herograme/LuaNova/luanova/token_string.go:33.11,34.15 1 1
github.com/Herograme/LuaNova/luanova/token_string.go:35.11,36.15 1 1
github.com/Herograme/LuaNova/luanova/token_string.go:37.12,38.16 1 1
github.com/Herograme/LuaNova/luanova/token_string.go:39.14,40.18 1 1
github.com/Herograme/LuaNova/luanova/token_string.go:41.16,42.20 1 1
github.com/Herograme/LuaNova/luanova/token_string.go:43.13,44.17 1 1
github.com/Herograme/LuaNova/luanova/token_string.go:45.10,46.14 1 1
github.com/Herograme/LuaNova/luanova/token_string.go:47.14,48.18 1 1
github.com/Herograme/LuaNova/luanova/token_string.go:49.10,50.14 1 1
github.com/Herograme/LuaNova/luanova/token_string.go:51.11,52.15 1 1
github.com/Herograme/LuaNova/luanova/token_string.go:53.16,54.20 1 1
github.com/Herograme/LuaNova/luanova/token_string.go:55.10,56.14 1 1
github.com/Herograme/LuaNova/luanova/token_string.go:57.15,58.19 1 1
github.com/Herograme/LuaNova/luanova/token_string.go:59.12,60.16 1 1
github.com/Herograme/LuaNova/luanova/token_string.go:61.20,62.24 1 1
github.com/Herograme/LuaNova/luanova/token_string.go:63.17,64.21 1 1
github.com/Herograme/LuaNova/luanova/token_string.go:65.11,66.15 1 1
github.com/Herograme/LuaNova/luanova/token_string.go:67.14,68.18 1 1
github.com/Herograme/LuaNova/luanova/token_string.go:69.13,70.17 1 1
github.com/Herograme/LuaNova/luanova/token_string.go:71.18,72.22 1 1
github.com/Herograme/LuaNova/luanova/token_string.go:73.17,74.21 1 1
github.com/Herograme/LuaNova/luanova/token_string.go:75.19,76.23 1 1
github.com/Herograme/LuaNova/luanova/token_string.go:77.17,78.21 1 1
github.com/Herograme/LuaNova/luanova/token_string.go:79.17,80.21 1 1
github.com/Herograme/LuaNova/luanova/token_string.go:81.19,82.23 1 1
github.com/Herograme/LuaNova/luanova/token_string.go:83.12,84.16 1 1
github.com/Herograme/LuaNova/luanova/token_string.go:85.11,86.15 1 1
github.com/Herograme/LuaNova/luanova/token_string.go:87.13,88.17 1 1
github.com/Herograme/LuaNova/luanova/token_string.go:89.11,90.15 1 1
github.com/Herograme/LuaNova/luanova/token_string.go:91.11,92.15 1 1
github.com/Herograme/LuaNova/luanova/token_string.go:93.10,94.14 1 1
github.com/Herograme/LuaNova/luanova/token_string.go:95.14,96.18 1 1
github.com/Herograme/LuaNova/luanova/token_string.go:97.19,98.23 1 1
github.com/Herograme/LuaNova/luanova/token_string.go:99.14,100.18 1 1
github.com/Herograme/LuaNova/luanova/token_string.go:101.14,102.18 1 1
github.com/Herograme/LuaNova/luanova/token_string.go:103.14,104.18 1 1
github.com/Herograme/LuaNova/luanova/token_string.go:105.14,106.18 1 1
github.com/Herograme/LuaNova/luanova/token_string.go:107.14,108.18 1 1
github.com/Herograme/LuaNova/luanova/token_string.go:109.14,110.18 1 1
github.com/Herograme/LuaNova/luanova/token_string.go:111.13,112.17 1 1
github.com/Herograme/LuaNova/luanova/token_string.go:113.12,114.16 1 1
github.com/Herograme/LuaNova/luanova/token_string.go:115.13,116.17 1 1
github.com/Herograme/LuaNova/luanova/token_string.go:117.11,118.15 1 1
github.com/Herograme/LuaNova/luanova/token_string.go:119.12,120.16 1 1
github.com/Herograme/LuaNova/luanova/token_string.go:121.13,122.17 1 1
github.com/Herograme/LuaNova/luanova/token_string.go:123.16,124.20 1 1
github.com/Herograme/LuaNova/luanova/token_string.go:125.14,126.18 1 1
github.com/Herograme/LuaNova/luanova/token_string.go:127.11,128.15 1 1
github.com/Herograme/LuaNova/luanova/token_string.go:129.12,130.16 1 1
github.com/Herograme/LuaNova/luanova/token_string.go:131.13,132.17 1 1
github.com/Herograme/LuaNova/luanova/token_string.go:133.10,134.19 1 1
